<?xml version="1.0" encoding="UTF-8"?>
<!-- Generated by org.testng.reporters.JUnitXMLReporter -->
<testsuite hostname="DESKTOP-7HNKN0S" ignored="0" name="Maven Calorie Calculator Suite" tests="5" failures="0" timestamp="09 Apr 2021 09:59:39 GMT" time="49.137" errors="0">
  <testcase name="EnterCalorieDetails" time="1.81" classname="com.itc.calc.testcases.CalorieCalculatorDDT_ExcelTestCase"/>
  <testcase name="EnterCalorieDetails" time="1.279" classname="com.itc.calc.testcases.CalorieCalculatorDDT_ExcelTestCase"/>
  <testcase name="EnterCalorieDetails" time="1.205" classname="com.itc.calc.testcases.CalorieCalculatorDDT_ExcelTestCase"/>
  <testcase name="EnterCalorieDetails" time="13.563" classname="com.itc.calc.testcases.CalorieCalculatorPageTestCase"/>
  <testcase name="getScreenshot" time="16.981" classname="com.itc.calc.testcases.CaptureScreenshot"/>
</testsuite> <!-- Maven Calorie Calculator Suite -->
