<?xml version="1.0" encoding="UTF-8"?>
<testng-results skipped="0" failed="0" ignored="0" total="5" passed="5">
  <reporter-output>
  </reporter-output>
  <suite name="Suite1" duration-ms="49137" started-at="2021-04-09T09:58:49Z" finished-at="2021-04-09T09:59:39Z">
    <groups>
    </groups>
    <test name="Maven Calorie Calculator Suite" duration-ms="49137" started-at="2021-04-09T09:58:49Z" finished-at="2021-04-09T09:59:39Z">
      <class name="com.itc.calc.testcases.CaptureScreenshot">
        <test-method status="PASS" signature="getScreenshot()[pri:0, instance:com.itc.calc.testcases.CaptureScreenshot@51b279c9]" name="getScreenshot" duration-ms="16981" started-at="2021-04-09T09:59:22Z" finished-at="2021-04-09T09:59:39Z">
          <reporter-output>
          </reporter-output>
        </test-method> <!-- getScreenshot -->
      </class> <!-- com.itc.calc.testcases.CaptureScreenshot -->
      <class name="com.itc.calc.testcases.CalorieCalculatorPageTestCase">
        <test-method status="PASS" signature="EnterCalorieDetails()[pri:0, instance:com.itc.calc.testcases.CalorieCalculatorPageTestCase@133e16fd]" name="EnterCalorieDetails" duration-ms="13563" started-at="2021-04-09T09:59:08Z" finished-at="2021-04-09T09:59:22Z">
          <reporter-output>
          </reporter-output>
        </test-method> <!-- EnterCalorieDetails -->
      </class> <!-- com.itc.calc.testcases.CalorieCalculatorPageTestCase -->
      <class name="com.itc.calc.testcases.CalorieCalculatorDDT_ExcelTestCase">
        <test-method status="PASS" signature="LaunchBrowser()[pri:0, instance:com.itc.calc.testcases.CalorieCalculatorDDT_ExcelTestCase@5e57643e]" name="LaunchBrowser" is-config="true" duration-ms="7710" started-at="2021-04-09T09:58:49Z" finished-at="2021-04-09T09:58:57Z">
          <reporter-output>
          </reporter-output>
        </test-method> <!-- LaunchBrowser -->
        <test-method status="PASS" signature="EnterCalorieDetails(java.util.Hashtable)[pri:0, instance:com.itc.calc.testcases.CalorieCalculatorDDT_ExcelTestCase@5e57643e]" name="EnterCalorieDetails" duration-ms="1810" started-at="2021-04-09T09:58:59Z" data-provider="getCalorieData" finished-at="2021-04-09T09:59:01Z">
          <params>
            <param index="0">
              <value>
                <![CDATA[{age=45, sex=f}]]>
              </value>
            </param>
          </params>
          <reporter-output>
          </reporter-output>
        </test-method> <!-- EnterCalorieDetails -->
        <test-method status="PASS" signature="EnterCalorieDetails(java.util.Hashtable)[pri:0, instance:com.itc.calc.testcases.CalorieCalculatorDDT_ExcelTestCase@5e57643e]" name="EnterCalorieDetails" duration-ms="1279" started-at="2021-04-09T09:59:01Z" data-provider="getCalorieData" finished-at="2021-04-09T09:59:02Z">
          <params>
            <param index="0">
              <value>
                <![CDATA[{age=56, sex=m}]]>
              </value>
            </param>
          </params>
          <reporter-output>
          </reporter-output>
        </test-method> <!-- EnterCalorieDetails -->
        <test-method status="PASS" signature="EnterCalorieDetails(java.util.Hashtable)[pri:0, instance:com.itc.calc.testcases.CalorieCalculatorDDT_ExcelTestCase@5e57643e]" name="EnterCalorieDetails" duration-ms="1205" started-at="2021-04-09T09:59:02Z" data-provider="getCalorieData" finished-at="2021-04-09T09:59:04Z">
          <params>
            <param index="0">
              <value>
                <![CDATA[{age=67, sex=f}]]>
              </value>
            </param>
          </params>
          <reporter-output>
          </reporter-output>
        </test-method> <!-- EnterCalorieDetails -->
        <test-method status="PASS" signature="CloseBrowser()[pri:0, instance:com.itc.calc.testcases.CalorieCalculatorDDT_ExcelTestCase@5e57643e]" name="CloseBrowser" is-config="true" duration-ms="4427" started-at="2021-04-09T09:59:04Z" finished-at="2021-04-09T09:59:08Z">
          <reporter-output>
          </reporter-output>
        </test-method> <!-- CloseBrowser -->
      </class> <!-- com.itc.calc.testcases.CalorieCalculatorDDT_ExcelTestCase -->
    </test> <!-- Maven Calorie Calculator Suite -->
  </suite> <!-- Suite1 -->
</testng-results>
